Warning: $HADOOP_HOME is deprecated.

Warning: $HADOOP_HOME is deprecated.

Warning: $HADOOP_HOME is deprecated.

Warning: $HADOOP_HOME is deprecated.

Warning: $HADOOP_HOME is deprecated.

Warning: $HADOOP_HOME is deprecated.

Warning: $HADOOP_HOME is deprecated.

Warning: $HADOOP_HOME is deprecated.

Warning: $HADOOP_HOME is deprecated.

Warning: $HADOOP_HOME is deprecated.

Warning: $HADOOP_HOME is deprecated.

Warning: $HADOOP_HOME is deprecated.

Warning: $HADOOP_HOME is deprecated.

Warning: $HADOOP_HOME is deprecated.

Warning: $HADOOP_HOME is deprecated.

Warning: $HADOOP_HOME is deprecated.

Warning: $HADOOP_HOME is deprecated.

Warning: $HADOOP_HOME is deprecated.

Warning: $HADOOP_HOME is deprecated.

Warning: $HADOOP_HOME is deprecated.

Warning: $HADOOP_HOME is deprecated.

Warning: $HADOOP_HOME is deprecated.

Warning: $HADOOP_HOME is deprecated.

Warning: $HADOOP_HOME is deprecated.

Warning: $HADOOP_HOME is deprecated.

Warning: $HADOOP_HOME is deprecated.

Warning: $HADOOP_HOME is deprecated.

Warning: $HADOOP_HOME is deprecated.

Warning: $HADOOP_HOME is deprecated.

Warning: $HADOOP_HOME is deprecated.

Warning: $HADOOP_HOME is deprecated.

Warning: $HADOOP_HOME is deprecated.

Warning: $HADOOP_HOME is deprecated.

Warning: $HADOOP_HOME is deprecated.

Warning: $HADOOP_HOME is deprecated.

Warning: $HADOOP_HOME is deprecated.

Warning: $HADOOP_HOME is deprecated.

Warning: $HADOOP_HOME is deprecated.

Warning: $HADOOP_HOME is deprecated.

Warning: $HADOOP_HOME is deprecated.

Warning: $HADOOP_HOME is deprecated.

Warning: $HADOOP_HOME is deprecated.

Warning: $HADOOP_HOME is deprecated.

Warning: $HADOOP_HOME is deprecated.

Warning: $HADOOP_HOME is deprecated.

Warning: $HADOOP_HOME is deprecated.

Warning: $HADOOP_HOME is deprecated.

Warning: $HADOOP_HOME is deprecated.

Warning: $HADOOP_HOME is deprecated.

Warning: $HADOOP_HOME is deprecated.

Warning: $HADOOP_HOME is deprecated.

Warning: $HADOOP_HOME is deprecated.

Warning: $HADOOP_HOME is deprecated.

Warning: $HADOOP_HOME is deprecated.

Warning: $HADOOP_HOME is deprecated.

Warning: $HADOOP_HOME is deprecated.

Warning: $HADOOP_HOME is deprecated.

Warning: $HADOOP_HOME is deprecated.

Warning: $HADOOP_HOME is deprecated.

Warning: $HADOOP_HOME is deprecated.

Warning: $HADOOP_HOME is deprecated.

Warning: $HADOOP_HOME is deprecated.

Warning: $HADOOP_HOME is deprecated.

Warning: $HADOOP_HOME is deprecated.

Warning: $HADOOP_HOME is deprecated.

Warning: $HADOOP_HOME is deprecated.

Warning: $HADOOP_HOME is deprecated.

Warning: $HADOOP_HOME is deprecated.

Warning: $HADOOP_HOME is deprecated.

Warning: $HADOOP_HOME is deprecated.

Warning: $HADOOP_HOME is deprecated.

Warning: $HADOOP_HOME is deprecated.

Warning: $HADOOP_HOME is deprecated.

Warning: $HADOOP_HOME is deprecated.

Warning: $HADOOP_HOME is deprecated.

Warning: $HADOOP_HOME is deprecated.

Warning: $HADOOP_HOME is deprecated.

Warning: $HADOOP_HOME is deprecated.

Warning: $HADOOP_HOME is deprecated.

Warning: $HADOOP_HOME is deprecated.

Warning: $HADOOP_HOME is deprecated.

Warning: $HADOOP_HOME is deprecated.

Warning: $HADOOP_HOME is deprecated.

Warning: $HADOOP_HOME is deprecated.

Warning: $HADOOP_HOME is deprecated.

Warning: $HADOOP_HOME is deprecated.

Warning: $HADOOP_HOME is deprecated.

Warning: $HADOOP_HOME is deprecated.

Warning: $HADOOP_HOME is deprecated.

Warning: $HADOOP_HOME is deprecated.

0
== File 26b154e3b7.log was copied in 14.815494 seconds
Aggregated write rate6.749691 MB/s
1
== File fe2f4d5edc.log was copied in 17.014649 seconds
== File 26b154e3b7.log was copied in 20.285240 seconds
Aggregated write rate10.806981 MB/s
2
== File 26b154e3b7.log was copied in 22.421522 seconds
== File ef2dd8ef16.log was copied in 25.384327 seconds
== File fe2f4d5edc.log was copied in 26.898319 seconds
Aggregated write rate12.117144 MB/s
3
== File 26b154e3b7.log was copied in 30.770598 seconds
== File 85dadbc148.log was copied in 31.270752 seconds
== File ef2dd8ef16.log was copied in 33.960242 seconds
== File fe2f4d5edc.log was copied in 34.651914 seconds
Aggregated write rate12.278195 MB/s
4
== File fe2f4d5edc.log was copied in 38.072504 seconds
== File 85dadbc148.log was copied in 38.476427 seconds
== File 8628281bf6.log was copied in 38.546926 seconds
== File ef2dd8ef16.log was copied in 39.322480 seconds
== File 26b154e3b7.log was copied in 40.465966 seconds
Aggregated write rate12.834089 MB/s
5
== File 8628281bf6.log was copied in 38.075849 seconds
== File ef2dd8ef16.log was copied in 39.703262 seconds
== File 26b154e3b7.log was copied in 44.798347 seconds
== File da7710dca9.log was copied in 44.886877 seconds
== File 85dadbc148.log was copied in 45.624357 seconds
== File fe2f4d5edc.log was copied in 49.267652 seconds
Aggregated write rate13.826610 MB/s
6
== File fe2f4d5edc.log was copied in 41.090774 seconds
== File 8628281bf6.log was copied in 44.092870 seconds
== File ef2dd8ef16.log was copied in 47.057106 seconds
== File da7710dca9.log was copied in 49.089986 seconds
== File 85dadbc148.log was copied in 50.881506 seconds
== File 26b154e3b7.log was copied in 50.988939 seconds
== File dc3f50d005.log was copied in 51.948730 seconds
Aggregated write rate14.715265 MB/s
7
== File fe2f4d5edc.log was copied in 50.337684 seconds
== File da7710dca9.log was copied in 52.418474 seconds
== File 85dadbc148.log was copied in 53.170384 seconds
== File dc3f50d005.log was copied in 56.656301 seconds
== File 26b154e3b7.log was copied in 56.667408 seconds
== File d97312cfa6.log was copied in 57.490222 seconds
== File 8628281bf6.log was copied in 58.871389 seconds
== File ef2dd8ef16.log was copied in 61.602070 seconds
Aggregated write rate14.366132 MB/s
8
== File ef2dd8ef16.log was copied in 44.999218 seconds
== File 8628281bf6.log was copied in 55.395169 seconds
== File d97312cfa6.log was copied in 55.813010 seconds
== File 26b154e3b7.log was copied in 55.830502 seconds
== File 85dadbc148.log was copied in 57.562295 seconds
== File 5144aff427.log was copied in 58.081268 seconds
== File fe2f4d5edc.log was copied in 62.310256 seconds
== File dc3f50d005.log was copied in 64.987182 seconds
== File da7710dca9.log was copied in 66.321279 seconds
Aggregated write rate15.720728 MB/s
9
== File 85dadbc148.log was copied in 60.737183 seconds
== File fe2f4d5edc.log was copied in 66.512277 seconds
== File d97312cfa6.log was copied in 66.532901 seconds
== File 8628281bf6.log was copied in 67.008602 seconds
== File ef2dd8ef16.log was copied in 68.907457 seconds
== File f863c40246.log was copied in 71.545749 seconds
== File 26b154e3b7.log was copied in 71.654506 seconds
== File 5144aff427.log was copied in 71.859276 seconds
== File da7710dca9.log was copied in 72.202984 seconds
== File dc3f50d005.log was copied in 74.255547 seconds
Aggregated write rate14.513090 MB/s
10
== File 8628281bf6.log was copied in 58.241203 seconds
== File f863c40246.log was copied in 68.431494 seconds
== File dc3f50d005.log was copied in 71.957277 seconds
== File ef2dd8ef16.log was copied in 72.031752 seconds
== File 5144aff427.log was copied in 78.211485 seconds
== File 26b154e3b7.log was copied in 78.255098 seconds
== File d97312cfa6.log was copied in 78.258510 seconds
== File da7710dca9.log was copied in 78.263595 seconds
== File fe2f4d5edc.log was copied in 78.638558 seconds
== File 85dadbc148.log was copied in 79.889866 seconds
== File 85f7007121.log was copied in 80.626397 seconds
Aggregated write rate14.831962 MB/s
11
== File 5144aff427.log was copied in 54.33948Warning: $HADOOP_HOME is deprecated.

Warning: $HADOOP_HOME is deprecated.

Warning: $HADOOP_HOME is deprecated.

Warning: $HADOOP_HOME is deprecated.

Warning: $HADOOP_HOME is deprecated.

Warning: $HADOOP_HOME is deprecated.

Warning: $HADOOP_HOME is deprecated.

Warning: $HADOOP_HOME is deprecated.

Warning: $HADOOP_HOME is deprecated.

Warning: $HADOOP_HOME is deprecated.

Warning: $HADOOP_HOME is deprecated.

Warning: $HADOOP_HOME is deprecated.

Warning: $HADOOP_HOME is deprecated.

Warning: $HADOOP_HOME is deprecated.

Warning: $HADOOP_HOME is deprecated.

Warning: $HADOOP_HOME is deprecated.

Warning: $HADOOP_HOME is deprecated.

Warning: $HADOOP_HOME is deprecated.

Warning: $HADOOP_HOME is deprecated.

Warning: $HADOOP_HOME is deprecated.

Warning: $HADOOP_HOME is deprecated.

Warning: $HADOOP_HOME is deprecated.

Warning: $HADOOP_HOME is deprecated.

Warning: $HADOOP_HOME is deprecated.

Warning: $HADOOP_HOME is deprecated.

Warning: $HADOOP_HOME is deprecated.

Warning: $HADOOP_HOME is deprecated.

Warning: $HADOOP_HOME is deprecated.

Warning: $HADOOP_HOME is deprecated.

Warning: $HADOOP_HOME is deprecated.

Warning: $HADOOP_HOME is deprecated.

Warning: $HADOOP_HOME is deprecated.

Warning: $HADOOP_HOME is deprecated.

Warning: $HADOOP_HOME is deprecated.

Warning: $HADOOP_HOME is deprecated.

Warning: $HADOOP_HOME is deprecated.

Warning: $HADOOP_HOME is deprecated.

Warning: $HADOOP_HOME is deprecated.

Warning: $HADOOP_HOME is deprecated.

Warning: $HADOOP_HOME is deprecated.

Warning: $HADOOP_HOME is deprecated.

Warning: $HADOOP_HOME is deprecated.

Warning: $HADOOP_HOME is deprecated.

Warning: $HADOOP_HOME is deprecated.

Warning: $HADOOP_HOME is deprecated.

Warning: $HADOOP_HOME is deprecated.

Warning: $HADOOP_HOME is deprecated.

Warning: $HADOOP_HOME is deprecated.

Warning: $HADOOP_HOME is deprecated.

Warning: $HADOOP_HOME is deprecated.

Warning: $HADOOP_HOME is deprecated.

Warning: $HADOOP_HOME is deprecated.

Warning: $HADOOP_HOME is deprecated.

Warning: $HADOOP_HOME is deprecated.

Warning: $HADOOP_HOME is deprecated.

Warning: $HADOOP_HOME is deprecated.

Warning: $HADOOP_HOME is deprecated.

Warning: $HADOOP_HOME is deprecated.

Warning: $HADOOP_HOME is deprecated.

Warning: $HADOOP_HOME is deprecated.

Warning: $HADOOP_HOME is deprecated.

Warning: $HADOOP_HOME is deprecated.

Warning: $HADOOP_HOME is deprecated.

Warning: $HADOOP_HOME is deprecated.

Warning: $HADOOP_HOME is deprecated.

Warning: $HADOOP_HOME is deprecated.

Warning: $HADOOP_HOME is deprecated.

Warning: $HADOOP_HOME is deprecated.

Warning: $HADOOP_HOME is deprecated.

Warning: $HADOOP_HOME is deprecated.

Warning: $HADOOP_HOME is deprecated.

Warning: $HADOOP_HOME is deprecated.

Warning: $HADOOP_HOME is deprecated.

Warning: $HADOOP_HOME is deprecated.

Warning: $HADOOP_HOME is deprecated.

Warning: $HADOOP_HOME is deprecated.

Warning: $HADOOP_HOME is deprecated.

Warning: $HADOOP_HOME is deprecated.

Warning: $HADOOP_HOME is deprecated.

Warning: $HADOOP_HOME is deprecated.

4 seconds
== File 248678dbaa.log was copied in 75.164987 seconds
== File d97312cfa6.log was copied in 75.175588 seconds
== File 85dadbc148.log was copied in 75.199010 seconds
== File 26b154e3b7.log was copied in 75.583272 seconds
== File f863c40246.log was copied in 75.781917 seconds
== File dc3f50d005.log was copied in 76.545489 seconds
== File ef2dd8ef16.log was copied in 79.445377 seconds
== File 85f7007121.log was copied in 80.038833 seconds
== File 8628281bf6.log was copied in 80.294946 seconds
== File da7710dca9.log was copied in 80.448240 seconds
== File fe2f4d5edc.log was copied in 80.694992 seconds
Aggregated write rate16.015544 MB/s
12
== File 85dadbc148.log was copied in 68.305034 seconds
== File dc3f50d005.log was copied in 80.495917 seconds
== File 8628281bf6.log was copied in 80.653545 seconds
== File 5144aff427.log was copied in 82.990022 seconds
== File 574c6fc8c9.log was copied in 85.280404 seconds
== File fe2f4d5edc.log was copied in 90.607533 seconds
== File 85f7007121.log was copied in 96.264536 seconds
== File ef2dd8ef16.log was copied in 96.336372 seconds
== File 248678dbaa.log was copied in 96.323154 seconds
== File da7710dca9.log was copied in 97.994872 seconds
== File d97312cfa6.log was copied in 98.835533 seconds
== File 26b154e3b7.log was copied in 99.348708 seconds
== File f863c40246.log was copied in 99.890580 seconds
Aggregated write rate14.582319 MB/s
13
== File 8628281bf6.log was copied in 87.355544 seconds
== File f863c40246.log was copied in 92.641436 seconds
== File 26b154e3b7.log was copied in 92.767289 seconds
== File ef2dd8ef16.log was copied in 97.772737 seconds
== File dc3f50d005.log was copied in 97.975353 seconds
== File 1f7203689a.log was copied in 99.282827 seconds
== File 5144aff427.log was copied in 102.402802 seconds
== File d97312cfa6.log was copied in 103.042734 seconds
== File 85dadbc148.log was copied in 103.656202 seconds
== File 574c6fc8c9.log was copied in 103.889911 seconds
== File da7710dca9.log was copied in 106.244373 seconds
== File 85f7007121.log was copied in 106.324774 seconds
== File fe2f4d5edc.log was copied in 107.561610 seconds
== File 248678dbaa.log was copied in 107.669441 seconds
Aggregated write rate13.967313 MB/s
14
== File 574c6fc8c9.log was copied in 89.938455 seconds
== File 85f7007121.log was copied in 99.156229 seconds
== File 5144aff427.log was copied in 100.060245 seconds
== File e1899cd235.log was copied in 103.219028 seconds
== File ef2dd8ef16.log was copied in 104.381184 seconds
== File 26b154e3b7.log was copied in 105.298817 seconds
== File f863c40246.log was copied in 105.307140 seconds
== File dc3f50d005.log was copied in 110.006046 seconds
== File 1f7203689a.log was copied in 110.044161 seconds
== File 8628281bf6.log was copied in 110.065818 seconds
== File d97312cfa6.log was copied in 113.951999 seconds
== File 248678dbaa.log was copied in 113.998217 seconds
== File fe2f4d5edc.log was copied in 114.015777 seconds
== File 85dadbc148.log was copied in 115.020289 seconds
== File da7710dca9.log was copied in 115.138949 seconds
Aggregated write rate14.041984 MB/s
15
== File 85dadbc148.log was copied in 95.198407 seconds
== File da7710dca9.log was copied in 99.786789 seconds
== File fe2f4d5edc.log was copied in 107.300576 seconds
== File 248678dbaa.log was copied in 110.827551 seconds
== File d97312cfa6.log was copied in 114.043529 seconds
== File 8628281bf6.log was copied in 114.089974 seconds
== File e1899cd235.log was copied in 118.923412 seconds
== File 574c6fc8c9.log was copied in 118.945064 seconds
== File ef2dd8ef16.log was copied in 118.962593 seconds
== File 26b154e3b7.log was copied in 118.968494 seconds
== File f863c40246.log was copied in 119.696342 seconds
== File ed00a09552.log was copied in 119.792446 seconds
== File 1f7203689a.log was copied in 121.653246 seconds
== File 85f7007121.log was copied in 122.050605 seconds
== File dc3f50d005.log was copied in 124.025523 seconds
== File 5144aff427.log was copied in 125.562599 seconds
Aggregated write rate13.917225 MB/s
16
== File e1899cd235.log was copied in 87.960738 seconds
== FilWarning: $HADOOP_HOME is deprecated.

Warning: $HADOOP_HOME is deprecated.

Warning: $HADOOP_HOME is deprecated.

Warning: $HADOOP_HOME is deprecated.

Warning: $HADOOP_HOME is deprecated.

Warning: $HADOOP_HOME is deprecated.

Warning: $HADOOP_HOME is deprecated.

Warning: $HADOOP_HOME is deprecated.

Warning: $HADOOP_HOME is deprecated.

Warning: $HADOOP_HOME is deprecated.

Warning: $HADOOP_HOME is deprecated.

Warning: $HADOOP_HOME is deprecated.

Warning: $HADOOP_HOME is deprecated.

Warning: $HADOOP_HOME is deprecated.

Warning: $HADOOP_HOME is deprecated.

Warning: $HADOOP_HOME is deprecated.

Warning: $HADOOP_HOME is deprecated.

Warning: $HADOOP_HOME is deprecated.

Warning: $HADOOP_HOME is deprecated.

Warning: $HADOOP_HOME is deprecated.

Warning: $HADOOP_HOME is deprecated.

Warning: $HADOOP_HOME is deprecated.

Warning: $HADOOP_HOME is deprecated.

Warning: $HADOOP_HOME is deprecated.

Warning: $HADOOP_HOME is deprecated.

Warning: $HADOOP_HOME is deprecated.

Warning: $HADOOP_HOME is deprecated.

Warning: $HADOOP_HOME is deprecated.

Warning: $HADOOP_HOME is deprecated.

Warning: $HADOOP_HOME is deprecated.

Warning: $HADOOP_HOME is deprecated.

Warning: $HADOOP_HOME is deprecated.

Warning: $HADOOP_HOME is deprecated.

Warning: $HADOOP_HOME is deprecated.

Warning: $HADOOP_HOME is deprecated.

Warning: $HADOOP_HOME is deprecated.

Warning: $HADOOP_HOME is deprecated.

Warning: $HADOOP_HOME is deprecated.

Warning: $HADOOP_HOME is deprecated.

Warning: $HADOOP_HOME is deprecated.

Warning: $HADOOP_HOME is deprecated.

Warning: $HADOOP_HOME is deprecated.

Warning: $HADOOP_HOME is deprecated.

Warning: $HADOOP_HOME is deprecated.

Warning: $HADOOP_HOME is deprecated.

Warning: $HADOOP_HOME is deprecated.

Warning: $HADOOP_HOME is deprecated.

Warning: $HADOOP_HOME is deprecated.

Warning: $HADOOP_HOME is deprecated.

Warning: $HADOOP_HOME is deprecated.

Warning: $HADOOP_HOME is deprecated.

Warning: $HADOOP_HOME is deprecated.

Warning: $HADOOP_HOME is deprecated.

Warning: $HADOOP_HOME is deprecated.

Warning: $HADOOP_HOME is deprecated.

Warning: $HADOOP_HOME is deprecated.

Warning: $HADOOP_HOME is deprecated.

Warning: $HADOOP_HOME is deprecated.

Warning: $HADOOP_HOME is deprecated.

Warning: $HADOOP_HOME is deprecated.

e dc3f50d005.log was copied in 98.420137 seconds
== File 85f7007121.log was copied in 99.067688 seconds
== File fe2f4d5edc.log was copied in 108.496530 seconds
== File da7710dca9.log was copied in 108.627419 seconds
== File 8628281bf6.log was copied in 117.187929 seconds
== File d97312cfa6.log was copied in 117.363809 seconds
== File 1f7203689a.log was copied in 117.793056 seconds
== File ed00a09552.log was copied in 121.999512 seconds
== File 26b154e3b7.log was copied in 122.909817 seconds
== File ef2dd8ef16.log was copied in 122.909008 seconds
== File 574c6fc8c9.log was copied in 122.892380 seconds
== File 5144aff427.log was copied in 123.072705 seconds
== File f863c40246.log was copied in 124.894987 seconds
== File 248678dbaa.log was copied in 125.041582 seconds
== File 85dadbc148.log was copied in 125.504447 seconds
== File 6271102d14.log was copied in 130.067846 seconds
Aggregated write rate14.798087 MB/s
17
== File 2a2a28512f.log was copied in 106.388909 seconds
== File e1899cd235.log was copied in 106.398514 seconds
== File 85f7007121.log was copied in 106.637749 seconds
== File 8628281bf6.log was copied in 112.803308 seconds
== File 248678dbaa.log was copied in 114.810140 seconds
== File d97312cfa6.log was copied in 116.127246 seconds
== File dc3f50d005.log was copied in 117.168986 seconds
== File ed00a09552.log was copied in 121.595094 seconds
== File da7710dca9.log was copied in 121.834159 seconds
== File 574c6fc8c9.log was copied in 122.781392 seconds
== File 5144aff427.log was copied in 129.503886 seconds
== File 1f7203689a.log was copied in 129.651654 seconds
== File f863c40246.log was copied in 130.778431 seconds
== File 6271102d14.log was copied in 130.769589 seconds
== File 85dadbc148.log was copied in 131.736426 seconds
== File 26b154e3b7.log was copied in 132.017888 seconds
== File ef2dd8ef16.log was copied in 132.019787 seconds
== File fe2f4d5edc.log was copied in 132.902742 seconds
Aggregated write rate14.846592 MB/s
18
== File e1899cd235.log was copied in 109.447095 seconds
== File 85f7007121.log was copied in 109.454747 seconds
== File dc3f50d005.log was copied in 119.242747 seconds
== File 26b154e3b7.log was copied in 121.567648 seconds
== File 574c6fc8c9.log was copied in 121.549987 seconds
== File 6271102d14.log was copied in 125.250939 seconds
== File 8628281bf6.log was copied in 129.609845 seconds
== File f863c40246.log was copied in 137.279330 seconds
== File 248678dbaa.log was copied in 138.236726 seconds
== File fe2f4d5edc.log was copied in 138.366449 seconds
== File 3bdbcaab8d.log was copied in 138.915106 seconds
== File ef2dd8ef16.log was copied in 138.952011 seconds
== File da7710dca9.log was copied in 138.976277 seconds
== File 2a2a28512f.log was copied in 139.279352 seconds
== File 5144aff427.log was copied in 141.981331 seconds
== File 1f7203689a.log was copied in 143.079540 seconds
== File d97312cfa6.log was copied in 143.415292 seconds
== File ed00a09552.log was copied in 145.499025 seconds
== File 85dadbc148.log was copied in 146.270862 seconds
Aggregated write rate14.404248 MB/s
19
== File 85dadbc148.log was copied in 95.725405 seconds
== File a193fc3206.log was copied in 125.790915 seconds
== File dc3f50d005.log was copied in 130.291729 seconds
== File 2a2a28512f.log was copied in 135.292392 seconds
== File ed00a09552.log was copied in 137.983636 seconds
== File fe2f4d5edc.log was copied in 138.005747 seconds
== File e1899cd235.log was copied in 144.166978 seconds
== File 1f7203689a.log was copied in 144.231633 seconds
== File 6271102d14.log was copied in 144.237014 seconds
== File 5144aff427.log was copied in 144.768855 seconds
== File 85f7007121.log was copied in 146.772925 seconds
== File ef2dd8ef16.log was copied in 146.952642 seconds
== File 248678dbaa.log was copied in 146.943583 seconds
== File 26b154e3b7.log was copied in 147.314771 seconds
== File da7710dca9.log was copied in 148.188872 seconds
== File d97312cfa6.log was copied in 148.344389 seconds
== File 574c6fc8c9.log was copied in 149.145691 seconds
== File 3bdbcaab8d.log was copied in 151.501185 seconds
== File f863c40246.log was copied in 152.872123 seconds
== File 8628281bf6.log was copied in 153.971200 seconds
Aggregated write rate14.270882 MB/s
6.74969053287
10.8069810747
12.1171436459
12.2781952395
12.8340890213
13.8266103521
14.7152647675
14.3661316962
15.7207277109
14.5130895318
14.8319619417
16.0155437011
14.5823186559
13.9673133663
14.0419838437
13.9172250787
14.7980871017
14.8465920095
14.4042475929
14.270882186
